dump, 5970 MiB, 35.88 sec, pickle0.pkl, 1185 MiB
load, 7873 MiB, 26.38 sec, pickle0.pkl, 1185 MiB
dump_fast, 4554 MiB, 8.92 sec, pickle0_fast.pkl, 711 MiB
load, 7427 MiB, 18.40 sec, pickle0_fast.pkl, 711 MiB
dump_opt, 11863 MiB, 576.67 sec, pickle0_opt.pkl, 709 MiB
load, 1345 MiB, 12.03 sec, pickle0_opt.pkl, 709 MiB
dump, 5760 MiB, 29.71 sec, pickle3.pkl, 1045 MiB
load, 7134 MiB, 17.55 sec, pickle3.pkl, 1045 MiB
dump_fast, 4648 MiB, 5.00 sec, pickle3_fast.pkl, 808 MiB
load, 7459 MiB, 14.49 sec, pickle3_fast.pkl, 808 MiB
dump_opt, 10756 MiB, 356.32 sec, pickle3_opt.pkl, 802 MiB
load, 1572 MiB, 11.15 sec, pickle3_opt.pkl, 802 MiB
dump, 6824 MiB, 23.64 sec, pickle4.pkl, 707 MiB
load, 7927 MiB, 20.55 sec, pickle4.pkl, 707 MiB
dump_fast, 3847 MiB, 2.80 sec, pickle4_fast.pkl, 662 MiB
load, 7439 MiB, 12.61 sec, pickle4_fast.pkl, 662 MiB
dump_opt, 10874 MiB, 320.34 sec, pickle4_opt.pkl, 659 MiB
load, 1265 MiB, 8.87 sec, pickle4_opt.pkl, 659 MiB
dump, 6966 MiB, 26.75 sec, cPickle3.pkl, 1045 MiB
load, 7198 MiB, 16.63 sec, cPickle3.pkl, 1045 MiB
dump_fast, 4711 MiB, 4.33 sec, cPickle3_fast.pkl, 808 MiB
load, 7514 MiB, 11.99 sec, cPickle3_fast.pkl, 808 MiB
dump_opt, 10561 MiB, 354.46 sec, cPickle3_opt.pkl, 802 MiB
load, 1495 MiB, 10.86 sec, cPickle3_opt.pkl, 802 MiB
dump, 6890 MiB, 23.65 sec, cPickle4.pkl, 707 MiB
load, 7876 MiB, 16.43 sec, cPickle4.pkl, 707 MiB
dump_fast, 3908 MiB, 3.05 sec, cPickle4_fast.pkl, 662 MiB
load, 7515 MiB, 13.52 sec, cPickle4_fast.pkl, 662 MiB
dump_opt, 10988 MiB, 323.68 sec, cPickle4_opt.pkl, 659 MiB
load, 1296 MiB, 8.44 sec, cPickle4_opt.pkl, 659 MiB
