dump, 3912 MiB, 106.34 sec, pickle0.pkl, 1185 MiB
load, 4208 MiB, 178.57 sec, pickle0.pkl, 1185 MiB
dump, 4914 MiB, 76.36 sec, pickle3.pkl, 1045 MiB
load, 4894 MiB, 85.95 sec, pickle3.pkl, 1045 MiB
dump_fast, 4631 MiB, 12.46 sec, pickle3_fast.pkl, 808 MiB
load, 5158 MiB, 60.07 sec, pickle3_fast.pkl, 808 MiB
dump_opt, 3661 MiB, 676.96 sec, pickle3_opt.pkl, 802 MiB
load, 1615 MiB, 15.34 sec, pickle3_opt.pkl, 802 MiB
dump_gen, 2372 MiB, 48.62 sec, pickle3_gen.pkl, 908 MiB
load_gen, 1221 MiB, 9.13 sec, pickle3_gen.pkl, 908 MiB
dump_gen_fast, 3682 MiB, 13.03 sec, pickle3_gen_fast.pkl, 809 MiB
load_gen, 3682 MiB, 7.79 sec, pickle3_gen_fast.pkl, 809 MiB
dump_gen_opt, 3682 MiB, 362.89 sec, pickle3_gen_opt.pkl, 814 MiB
load_gen, 1882 MiB, 3.40 sec, pickle3_gen_opt.pkl, 814 MiB
dump, 4806 MiB, 61.97 sec, pickle4.pkl, 707 MiB
load, 4979 MiB, 78.55 sec, pickle4.pkl, 707 MiB
dump_fast, 3829 MiB, 10.99 sec, pickle4_fast.pkl, 662 MiB
load, 5292 MiB, 71.15 sec, pickle4_fast.pkl, 662 MiB
dump_opt, 4385 MiB, 597.89 sec, pickle4_opt.pkl, 659 MiB
load, 1307 MiB, 12.16 sec, pickle4_opt.pkl, 659 MiB
dump_gen, 2638 MiB, 47.96 sec, pickle4_gen.pkl, 717 MiB
load_gen, 5454 MiB, 115.25 sec, pickle4_gen.pkl, 717 MiB
dump_gen_fast, 3836 MiB, 11.79 sec, pickle4_gen_fast.pkl, 667 MiB
load_gen, 3836 MiB, 6.91 sec, pickle4_gen_fast.pkl, 667 MiB
dump_gen_opt, 3836 MiB, 347.34 sec, pickle4_gen_opt.pkl, 672 MiB
load_gen, 2077 MiB, 3.14 sec, pickle4_gen_opt.pkl, 672 MiB
dump, 4833 MiB, 78.00 sec, cPickle3.pkl, 1045 MiB
load, 5341 MiB, 116.31 sec, cPickle3.pkl, 1045 MiB
dump_fast, 4634 MiB, 12.35 sec, cPickle3_fast.pkl, 808 MiB
load, 4928 MiB, 68.73 sec, cPickle3_fast.pkl, 808 MiB
dump_opt, 3829 MiB, 683.26 sec, cPickle3_opt.pkl, 802 MiB
load, 1604 MiB, 14.72 sec, cPickle3_opt.pkl, 802 MiB
dump_gen, 2612 MiB, 49.32 sec, cPickle3_gen.pkl, 908 MiB
load_gen, 1374 MiB, 9.40 sec, cPickle3_gen.pkl, 908 MiB
dump_gen_fast, 3682 MiB, 13.91 sec, cPickle3_gen_fast.pkl, 809 MiB
load_gen, 3682 MiB, 8.10 sec, cPickle3_gen_fast.pkl, 809 MiB
dump_gen_opt, 3682 MiB, 367.18 sec, cPickle3_gen_opt.pkl, 814 MiB
load_gen, 1878 MiB, 3.53 sec, cPickle3_gen_opt.pkl, 814 MiB
dump, 4900 MiB, 63.21 sec, cPickle4.pkl, 707 MiB
load, 5116 MiB, 72.38 sec, cPickle4.pkl, 707 MiB
dump_fast, 3828 MiB, 11.44 sec, cPickle4_fast.pkl, 662 MiB
load, 5159 MiB, 64.62 sec, cPickle4_fast.pkl, 662 MiB
dump_opt, 4499 MiB, 598.57 sec, cPickle4_opt.pkl, 659 MiB
load, 1209 MiB, 12.39 sec, cPickle4_opt.pkl, 659 MiB
dump_gen, 2572 MiB, 48.44 sec, cPickle4_gen.pkl, 717 MiB
load_gen, 5363 MiB, 110.32 sec, cPickle4_gen.pkl, 717 MiB
dump_gen_fast, 3835 MiB, 12.36 sec, cPickle4_gen_fast.pkl, 667 MiB
load_gen, 3835 MiB, 6.88 sec, cPickle4_gen_fast.pkl, 667 MiB
dump_gen_opt, 3835 MiB, 354.54 sec, cPickle4_gen_opt.pkl, 672 MiB
load_gen, 1686 MiB, 2.99 sec, cPickle4_gen_opt.pkl, 672 MiB
